<?xml version="1.0" encoding="utf-8"?>
<test-run id="2" name="Open-Lab-05.05.dll" fullname="C:/Users/onkom/source/repos/Open-Lab-05.05/Open-Lab-05.05/bin/Debug/netcoreapp3.0/Open-Lab-05.05.dll" testcasecount="100" result="Passed" start-time="2021-12-28 19:04:45Z" end-time="2021-12-28 19:04:45Z" duration="0.078622" total="100" passed="100" failed="0" inconclusive="0" skipped="0" asserts="100" random-seed="1111923898">
  <command-line><![CDATA[C:\Users\onkom\source\repos\Open-Lab-05.05\Open-Lab-05.05\bin\Debug\netcoreapp3.0\Open-Lab-05.05.dll]]></command-line>
  <filter />
  <test-suite type="Assembly" id="1102" name="Open-Lab-05.05.dll" fullname="C:/Users/onkom/source/repos/Open-Lab-05.05/Open-Lab-05.05/bin/Debug/netcoreapp3.0/Open-Lab-05.05.dll" runstate="Runnable" testcasecount="100" result="Passed" start-time="2021-12-28 19:04:45Z" end-time="2021-12-28 19:04:45Z" duration="0.078622" total="100" passed="100" failed="0" warnings="0" inconclusive="0" skipped="0" asserts="100">
    <environment framework-version="3.12.0.0" clr-version="3.1.19" os-version="Microsoft Windows 10.0.19042" platform="Win32NT" cwd="C:\Users\onkom\source\repos\Open-Lab-05.05\Open-Lab-05.05\bin\Debug\netcoreapp3.0" machine-name="DESKTOP-7OQAPDJ" user="onkom" user-domain="DESKTOP-7OQAPDJ" culture="en-US" uiculture="en-US" os-architecture="x64" />
    <settings>
      <setting name="WorkDirectory" value="C:\Users\onkom\source\repos\Open-Lab-05.05\Open-Lab-05.05\bin\Debug\netcoreapp3.0" />
      <setting name="NumberOfTestWorkers" value="4" />
    </settings>
    <properties>
      <property name="_PID" value="23080" />
      <property name="_APPDOMAIN" value="Open-Lab-05.05" />
    </properties>
    <test-suite type="TestSuite" id="1103" name="Open_Lab_05" fullname="Open_Lab_05" runstate="Runnable" testcasecount="100" result="Passed" start-time="2021-12-28 19:04:45Z" end-time="2021-12-28 19:04:45Z" duration="0.060550" total="100" passed="100" failed="0" warnings="0" inconclusive="0" skipped="0" asserts="100">
      <test-suite type="TestSuite" id="1104" name="_05" fullname="Open_Lab_05._05" runstate="Runnable" testcasecount="100" result="Passed" start-time="2021-12-28 19:04:45Z" end-time="2021-12-28 19:04:45Z" duration="0.059699" total="100" passed="100" failed="0" warnings="0" inconclusive="0" skipped="0" asserts="100">
        <test-suite type="TestFixture" id="1000" name="Tests" fullname="Open_Lab_05._05.Tests" classname="Open_Lab_05._05.Tests" runstate="Runnable" testcasecount="100" result="Passed" start-time="2021-12-28 19:04:45Z" end-time="2021-12-28 19:04:45Z" duration="0.055472" total="100" passed="100" failed="0" warnings="0" inconclusive="0" skipped="0" asserts="100">
          <test-suite type="ParameterizedMethod" id="1101" name="AlternatingCaps" fullname="Open_Lab_05._05.Tests.AlternatingCaps" classname="Open_Lab_05._05.Tests" runstate="Runnable" testcasecount="100" result="Passed" start-time="2021-12-28 19:04:45Z" end-time="2021-12-28 19:04:45Z" duration="0.041757" total="100" passed="100" failed="0" warnings="0" inconclusive="0" skipped="0" asserts="100">
            <test-case id="1001" name="AlternatingCaps(&quot;Hello&quot;,&quot;HeLlO&quot;)" fullname="Open_Lab_05._05.Tests.AlternatingCaps(&quot;Hello&quot;,&quot;HeLlO&quot;)" methodname="AlternatingCaps" classname="Open_Lab_05._05.Tests" runstate="Runnable" seed="773996145" result="Passed" start-time="2021-12-28 19:04:45Z" end-time="2021-12-28 19:04:45Z" duration="0.022076" asserts="1" />
            <test-case id="1002" name="AlternatingCaps(&quot;How are you?&quot;,&quot;HoW aRe YoU?&quot;)" fullname="Open_Lab_05._05.Tests.AlternatingCaps(&quot;How are you?&quot;,&quot;HoW aRe YoU?&quot;)" methodname="AlternatingCaps" classname="Open_Lab_05._05.Tests" runstate="Runnable" seed="717791941" result="Passed" start-time="2021-12-28 19:04:45Z" end-time="2021-12-28 19:04:45Z" duration="0.000207" asserts="1" />
            <test-case id="1003" name="AlternatingCaps(&quot;OMG this website is awesome!&quot;,&quot;OmG tHiS wEbSiTe Is AwEsOmE!&quot;)" fullname="Open_Lab_05._05.Tests.AlternatingCaps(&quot;OMG this website is awesome!&quot;,&quot;OmG tHiS wEbSiTe Is AwEsOmE!&quot;)" methodname="AlternatingCaps" classname="Open_Lab_05._05.Tests" runstate="Runnable" seed="159083118" result="Passed" start-time="2021-12-28 19:04:45Z" end-time="2021-12-28 19:04:45Z" duration="0.000068" asserts="1" />
            <test-case id="1004" name="AlternatingCaps(&quot;gwzbq&quot;,&quot;GwZbQ&quot;)" fullname="Open_Lab_05._05.Tests.AlternatingCaps(&quot;gwzbq&quot;,&quot;GwZbQ&quot;)" methodname="AlternatingCaps" classname="Open_Lab_05._05.Tests" runstate="Runnable" seed="18667810" result="Passed" start-time="2021-12-28 19:04:45Z" end-time="2021-12-28 19:04:45Z" duration="0.000061" asserts="1" />
            <test-case id="1005" name="AlternatingCaps(&quot;vbbwih&quot;,&quot;VbBwIh&quot;)" fullname="Open_Lab_05._05.Tests.AlternatingCaps(&quot;vbbwih&quot;,&quot;VbBwIh&quot;)" methodname="AlternatingCaps" classname="Open_Lab_05._05.Tests" runstate="Runnable" seed="207267169" result="Passed" start-time="2021-12-28 19:04:45Z" end-time="2021-12-28 19:04:45Z" duration="0.000054" asserts="1" />
            <test-case id="1006" name="AlternatingCaps(&quot;lbxxzy&quot;,&quot;LbXxZy&quot;)" fullname="Open_Lab_05._05.Tests.AlternatingCaps(&quot;lbxxzy&quot;,&quot;LbXxZy&quot;)" methodname="AlternatingCaps" classname="Open_Lab_05._05.Tests" runstate="Runnable" seed="421053017" result="Passed" start-time="2021-12-28 19:04:45Z" end-time="2021-12-28 19:04:45Z" duration="0.000059" asserts="1" />
            <test-case id="1007" name="AlternatingCaps(&quot;abdjacforx&quot;,&quot;AbDjAcFoRx&quot;)" fullname="Open_Lab_05._05.Tests.AlternatingCaps(&quot;abdjacforx&quot;,&quot;AbDjAcFoRx&quot;)" methodname="AlternatingCaps" classname="Open_Lab_05._05.Tests" runstate="Runnable" seed="1188322497" result="Passed" start-time="2021-12-28 19:04:45Z" end-time="2021-12-28 19:04:45Z" duration="0.000107" asserts="1" />
            <test-case id="1008" name="AlternatingCaps(&quot; dbtim&quot;,&quot; DbTiM&quot;)" fullname="Open_Lab_05._05.Tests.AlternatingCaps(&quot; dbtim&quot;,&quot; DbTiM&quot;)" methodname="AlternatingCaps" classname="Open_Lab_05._05.Tests" runstate="Runnable" seed="1989480527" result="Passed" start-time="2021-12-28 19:04:45Z" end-time="2021-12-28 19:04:45Z" duration="0.000051" asserts="1" />
            <test-case id="1009" name="AlternatingCaps(&quot;ydayp&quot;,&quot;YdAyP&quot;)" fullname="Open_Lab_05._05.Tests.AlternatingCaps(&quot;ydayp&quot;,&quot;YdAyP&quot;)" methodname="AlternatingCaps" classname="Open_Lab_05._05.Tests" runstate="Runnable" seed="1801788699" result="Passed" start-time="2021-12-28 19:04:45Z" end-time="2021-12-28 19:04:45Z" duration="0.000072" asserts="1" />
            <test-case id="1010" name="AlternatingCaps(&quot;munzw&quot;,&quot;MuNzW&quot;)" fullname="Open_Lab_05._05.Tests.AlternatingCaps(&quot;munzw&quot;,&quot;MuNzW&quot;)" methodname="AlternatingCaps" classname="Open_Lab_05._05.Tests" runstate="Runnable" seed="435990536" result="Passed" start-time="2021-12-28 19:04:45Z" end-time="2021-12-28 19:04:45Z" duration="0.000058" asserts="1" />
            <test-case id="1011" name="AlternatingCaps(&quot;jc cydroamvgkeuhcz&quot;,&quot;Jc CyDrOaMvGkEuHcZ&quot;)" fullname="Open_Lab_05._05.Tests.AlternatingCaps(&quot;jc cydroamvgkeuhcz&quot;,&quot;Jc CyDrOaMvGkEuHcZ&quot;)" methodname="AlternatingCaps" classname="Open_Lab_05._05.Tests" runstate="Runnable" seed="994491084" result="Passed" start-time="2021-12-28 19:04:45Z" end-time="2021-12-28 19:04:45Z" duration="0.000051" asserts="1" />
            <test-case id="1012" name="AlternatingCaps(&quot;sjwatgbmdxfogrwm&quot;,&quot;SjWaTgBmDxFoGrWm&quot;)" fullname="Open_Lab_05._05.Tests.AlternatingCaps(&quot;sjwatgbmdxfogrwm&quot;,&quot;SjWaTgBmDxFoGrWm&quot;)" methodname="AlternatingCaps" classname="Open_Lab_05._05.Tests" runstate="Runnable" seed="1471266434" result="Passed" start-time="2021-12-28 19:04:45Z" end-time="2021-12-28 19:04:45Z" duration="0.000052" asserts="1" />
            <test-case id="1013" name="AlternatingCaps(&quot;zacoqx khunkfdrngdkn&quot;,&quot;ZaCoQx KhUnKfDrNgDkN&quot;)" fullname="Open_Lab_05._05.Tests.AlternatingCaps(&quot;zacoqx khunkfdrngdkn&quot;,&quot;ZaCoQx KhUnKfDrNgDkN&quot;)" methodname="AlternatingCaps" classname="Open_Lab_05._05.Tests" runstate="Runnable" seed="11909129" result="Passed" start-time="2021-12-28 19:04:45Z" end-time="2021-12-28 19:04:45Z" duration="0.000059" asserts="1" />
            <test-case id="1014" name="AlternatingCaps(&quot;fvwrnr&quot;,&quot;FvWrNr&quot;)" fullname="Open_Lab_05._05.Tests.AlternatingCaps(&quot;fvwrnr&quot;,&quot;FvWrNr&quot;)" methodname="AlternatingCaps" classname="Open_Lab_05._05.Tests" runstate="Runnable" seed="1631116415" result="Passed" start-time="2021-12-28 19:04:45Z" end-time="2021-12-28 19:04:45Z" duration="0.000058" asserts="1" />
            <test-case id="1015" name="AlternatingCaps(&quot;xnonrvhawcalvpkmo&quot;,&quot;XnOnRvHaWcAlVpKmO&quot;)" fullname="Open_Lab_05._05.Tests.AlternatingCaps(&quot;xnonrvhawcalvpkmo&quot;,&quot;XnOnRvHaWcAlVpKmO&quot;)" methodname="AlternatingCaps" classname="Open_Lab_05._05.Tests" runstate="Runnable" seed="527554850" result="Passed" start-time="2021-12-28 19:04:45Z" end-time="2021-12-28 19:04:45Z" duration="0.000059" asserts="1" />
            <test-case id="1016" name="AlternatingCaps(&quot;ysoa n&quot;,&quot;YsOa N&quot;)" fullname="Open_Lab_05._05.Tests.AlternatingCaps(&quot;ysoa n&quot;,&quot;YsOa N&quot;)" methodname="AlternatingCaps" classname="Open_Lab_05._05.Tests" runstate="Runnable" seed="373641053" result="Passed" start-time="2021-12-28 19:04:45Z" end-time="2021-12-28 19:04:45Z" duration="0.000050" asserts="1" />
            <test-case id="1017" name="AlternatingCaps(&quot;ywtffwceemue&quot;,&quot;YwTfFwCeEmUe&quot;)" fullname="Open_Lab_05._05.Tests.AlternatingCaps(&quot;ywtffwceemue&quot;,&quot;YwTfFwCeEmUe&quot;)" methodname="AlternatingCaps" classname="Open_Lab_05._05.Tests" runstate="Runnable" seed="203069272" result="Passed" start-time="2021-12-28 19:04:45Z" end-time="2021-12-28 19:04:45Z" duration="0.000057" asserts="1" />
            <test-case id="1018" name="AlternatingCaps(&quot;skwqrcbysluhhppzfwn &quot;,&quot;SkWqRcBySlUhHpPzFwN &quot;)" fullname="Open_Lab_05._05.Tests.AlternatingCaps(&quot;skwqrcbysluhhppzfwn &quot;,&quot;SkWqRcBySlUhHpPzFwN &quot;)" methodname="AlternatingCaps" classname="Open_Lab_05._05.Tests" runstate="Runnable" seed="1829047699" result="Passed" start-time="2021-12-28 19:04:45Z" end-time="2021-12-28 19:04:45Z" duration="0.000059" asserts="1" />
            <test-case id="1019" name="AlternatingCaps(&quot;syoupg&quot;,&quot;SyOuPg&quot;)" fullname="Open_Lab_05._05.Tests.AlternatingCaps(&quot;syoupg&quot;,&quot;SyOuPg&quot;)" methodname="AlternatingCaps" classname="Open_Lab_05._05.Tests" runstate="Runnable" seed="1218665048" result="Passed" start-time="2021-12-28 19:04:45Z" end-time="2021-12-28 19:04:45Z" duration="0.000061" asserts="1" />
            <test-case id="1020" name="AlternatingCaps(&quot;fqbqhoimvyjxlmfkyxyf&quot;,&quot;FqBqHoImVyJxLmFkYxYf&quot;)" fullname="Open_Lab_05._05.Tests.AlternatingCaps(&quot;fqbqhoimvyjxlmfkyxyf&quot;,&quot;FqBqHoImVyJxLmFkYxYf&quot;)" methodname="AlternatingCaps" classname="Open_Lab_05._05.Tests" runstate="Runnable" seed="2118125688" result="Passed" start-time="2021-12-28 19:04:45Z" end-time="2021-12-28 19:04:45Z" duration="0.000055" asserts="1" />
            <test-case id="1021" name="AlternatingCaps(&quot;fyqfdxzmhvawc&quot;,&quot;FyQfDxZmHvAwC&quot;)" fullname="Open_Lab_05._05.Tests.AlternatingCaps(&quot;fyqfdxzmhvawc&quot;,&quot;FyQfDxZmHvAwC&quot;)" methodname="AlternatingCaps" classname="Open_Lab_05._05.Tests" runstate="Runnable" seed="1861565664" result="Passed" start-time="2021-12-28 19:04:45Z" end-time="2021-12-28 19:04:45Z" duration="0.000058" asserts="1" />
            <test-case id="1022" name="AlternatingCaps(&quot;aid tfbdhmpoplmq&quot;,&quot;AiD tFbDhMpOpLmQ&quot;)" fullname="Open_Lab_05._05.Tests.AlternatingCaps(&quot;aid tfbdhmpoplmq&quot;,&quot;AiD tFbDhMpOpLmQ&quot;)" methodname="AlternatingCaps" classname="Open_Lab_05._05.Tests" runstate="Runnable" seed="1794960541" result="Passed" start-time="2021-12-28 19:04:45Z" end-time="2021-12-28 19:04:45Z" duration="0.000059" asserts="1" />
            <test-case id="1023" name="AlternatingCaps(&quot;r k rljcqj nbhahueb&quot;,&quot;R k RlJcQj NbHaHuEb&quot;)" fullname="Open_Lab_05._05.Tests.AlternatingCaps(&quot;r k rljcqj nbhahueb&quot;,&quot;R k RlJcQj NbHaHuEb&quot;)" methodname="AlternatingCaps" classname="Open_Lab_05._05.Tests" runstate="Runnable" seed="399119876" result="Passed" start-time="2021-12-28 19:04:45Z" end-time="2021-12-28 19:04:45Z" duration="0.000058" asserts="1" />
            <test-case id="1024" name="AlternatingCaps(&quot;xe kaqdqpgmzqyjvr&quot;,&quot;Xe KaQdQpGmZqYjVr&quot;)" fullname="Open_Lab_05._05.Tests.AlternatingCaps(&quot;xe kaqdqpgmzqyjvr&quot;,&quot;Xe KaQdQpGmZqYjVr&quot;)" methodname="AlternatingCaps" classname="Open_Lab_05._05.Tests" runstate="Runnable" seed="989105930" result="Passed" start-time="2021-12-28 19:04:45Z" end-time="2021-12-28 19:04:45Z" duration="0.000058" asserts="1" />
            <test-case id="1025" name="AlternatingCaps(&quot;jxtxbwapedofvgj&quot;,&quot;JxTxBwApEdOfVgJ&quot;)" fullname="Open_Lab_05._05.Tests.AlternatingCaps(&quot;jxtxbwapedofvgj&quot;,&quot;JxTxBwApEdOfVgJ&quot;)" methodname="AlternatingCaps" classname="Open_Lab_05._05.Tests" runstate="Runnable" seed="1897082720" result="Passed" start-time="2021-12-28 19:04:45Z" end-time="2021-12-28 19:04:45Z" duration="0.000050" asserts="1" />
            <test-case id="1026" name="AlternatingCaps(&quot;zm  yagtnjwaxdyeqc&quot;,&quot;Zm  YaGtNjWaXdYeQc&quot;)" fullname="Open_Lab_05._05.Tests.AlternatingCaps(&quot;zm  yagtnjwaxdyeqc&quot;,&quot;Zm  YaGtNjWaXdYeQc&quot;)" methodname="AlternatingCaps" classname="Open_Lab_05._05.Tests" runstate="Runnable" seed="732790871" result="Passed" start-time="2021-12-28 19:04:45Z" end-time="2021-12-28 19:04:45Z" duration="0.000059" asserts="1" />
            <test-case id="1027" name="AlternatingCaps(&quot;e  bcilk aileouyw&quot;,&quot;E  bCiLk AiLeOuYw&quot;)" fullname="Open_Lab_05._05.Tests.AlternatingCaps(&quot;e  bcilk aileouyw&quot;,&quot;E  bCiLk AiLeOuYw&quot;)" methodname="AlternatingCaps" classname="Open_Lab_05._05.Tests" runstate="Runnable" seed="518647900" result="Passed" start-time="2021-12-28 19:04:45Z" end-time="2021-12-28 19:04:45Z" duration="0.000061" asserts="1" />
            <test-case id="1028" name="AlternatingCaps(&quot;rsipzjs  s eipsmev&quot;,&quot;RsIpZjS  s EiPsMeV&quot;)" fullname="Open_Lab_05._05.Tests.AlternatingCaps(&quot;rsipzjs  s eipsmev&quot;,&quot;RsIpZjS  s EiPsMeV&quot;)" methodname="AlternatingCaps" classname="Open_Lab_05._05.Tests" runstate="Runnable" seed="1789205087" result="Passed" start-time="2021-12-28 19:04:45Z" end-time="2021-12-28 19:04:45Z" duration="0.000062" asserts="1" />
            <test-case id="1029" name="AlternatingCaps(&quot;jxqmpgrdxqlbfajzklp &quot;,&quot;JxQmPgRdXqLbFaJzKlP &quot;)" fullname="Open_Lab_05._05.Tests.AlternatingCaps(&quot;jxqmpgrdxqlbfajzklp &quot;,&quot;JxQmPgRdXqLbFaJzKlP &quot;)" methodname="AlternatingCaps" classname="Open_Lab_05._05.Tests" runstate="Runnable" seed="1578154287" result="Passed" start-time="2021-12-28 19:04:45Z" end-time="2021-12-28 19:04:45Z" duration="0.000063" asserts="1" />
            <test-case id="1030" name="AlternatingCaps(&quot;jbitjursssjyzmy&quot;,&quot;JbItJuRsSsJyZmY&quot;)" fullname="Open_Lab_05._05.Tests.AlternatingCaps(&quot;jbitjursssjyzmy&quot;,&quot;JbItJuRsSsJyZmY&quot;)" methodname="AlternatingCaps" classname="Open_Lab_05._05.Tests" runstate="Runnable" seed="472528205" result="Passed" start-time="2021-12-28 19:04:45Z" end-time="2021-12-28 19:04:45Z" duration="0.000058" asserts="1" />
            <test-case id="1031" name="AlternatingCaps(&quot;eshge&quot;,&quot;EsHgE&quot;)" fullname="Open_Lab_05._05.Tests.AlternatingCaps(&quot;eshge&quot;,&quot;EsHgE&quot;)" methodname="AlternatingCaps" classname="Open_Lab_05._05.Tests" runstate="Runnable" seed="1432875997" result="Passed" start-time="2021-12-28 19:04:45Z" end-time="2021-12-28 19:04:45Z" duration="0.000049" asserts="1" />
            <test-case id="1032" name="AlternatingCaps(&quot;jopuczqh pvh uhtf&quot;,&quot;JoPuCzQh PvH uHtF&quot;)" fullname="Open_Lab_05._05.Tests.AlternatingCaps(&quot;jopuczqh pvh uhtf&quot;,&quot;JoPuCzQh PvH uHtF&quot;)" methodname="AlternatingCaps" classname="Open_Lab_05._05.Tests" runstate="Runnable" seed="2107506287" result="Passed" start-time="2021-12-28 19:04:45Z" end-time="2021-12-28 19:04:45Z" duration="0.000058" asserts="1" />
            <test-case id="1033" name="AlternatingCaps(&quot;zldxbdfokzet&quot;,&quot;ZlDxBdFoKzEt&quot;)" fullname="Open_Lab_05._05.Tests.AlternatingCaps(&quot;zldxbdfokzet&quot;,&quot;ZlDxBdFoKzEt&quot;)" methodname="AlternatingCaps" classname="Open_Lab_05._05.Tests" runstate="Runnable" seed="1551879498" result="Passed" start-time="2021-12-28 19:04:45Z" end-time="2021-12-28 19:04:45Z" duration="0.000104" asserts="1" />
            <test-case id="1034" name="AlternatingCaps(&quot;slostcoqs&quot;,&quot;SlOsTcOqS&quot;)" fullname="Open_Lab_05._05.Tests.AlternatingCaps(&quot;slostcoqs&quot;,&quot;SlOsTcOqS&quot;)" methodname="AlternatingCaps" classname="Open_Lab_05._05.Tests" runstate="Runnable" seed="195066199" result="Passed" start-time="2021-12-28 19:04:45Z" end-time="2021-12-28 19:04:45Z" duration="0.000062" asserts="1" />
            <test-case id="1035" name="AlternatingCaps(&quot;krtcq&quot;,&quot;KrTcQ&quot;)" fullname="Open_Lab_05._05.Tests.AlternatingCaps(&quot;krtcq&quot;,&quot;KrTcQ&quot;)" methodname="AlternatingCaps" classname="Open_Lab_05._05.Tests" runstate="Runnable" seed="1059630661" result="Passed" start-time="2021-12-28 19:04:45Z" end-time="2021-12-28 19:04:45Z" duration="0.000050" asserts="1" />
            <test-case id="1036" name="AlternatingCaps(&quot;crlluhsplllo&quot;,&quot;CrLlUhSpLlLo&quot;)" fullname="Open_Lab_05._05.Tests.AlternatingCaps(&quot;crlluhsplllo&quot;,&quot;CrLlUhSpLlLo&quot;)" methodname="AlternatingCaps" classname="Open_Lab_05._05.Tests" runstate="Runnable" seed="1332263237" result="Passed" start-time="2021-12-28 19:04:45Z" end-time="2021-12-28 19:04:45Z" duration="0.000058" asserts="1" />
            <test-case id="1037" name="AlternatingCaps(&quot;nrbghbwkboprvg&quot;,&quot;NrBgHbWkBoPrVg&quot;)" fullname="Open_Lab_05._05.Tests.AlternatingCaps(&quot;nrbghbwkboprvg&quot;,&quot;NrBgHbWkBoPrVg&quot;)" methodname="AlternatingCaps" classname="Open_Lab_05._05.Tests" runstate="Runnable" seed="506489325" result="Passed" start-time="2021-12-28 19:04:45Z" end-time="2021-12-28 19:04:45Z" duration="0.000058" asserts="1" />
            <test-case id="1038" name="AlternatingCaps(&quot;tfhaobhgsgl&quot;,&quot;TfHaObHgSgL&quot;)" fullname="Open_Lab_05._05.Tests.AlternatingCaps(&quot;tfhaobhgsgl&quot;,&quot;TfHaObHgSgL&quot;)" methodname="AlternatingCaps" classname="Open_Lab_05._05.Tests" runstate="Runnable" seed="193721684" result="Passed" start-time="2021-12-28 19:04:45Z" end-time="2021-12-28 19:04:45Z" duration="0.000051" asserts="1" />
            <test-case id="1039" name="AlternatingCaps(&quot;szfgr bdihj&quot;,&quot;SzFgR bDiHj&quot;)" fullname="Open_Lab_05._05.Tests.AlternatingCaps(&quot;szfgr bdihj&quot;,&quot;SzFgR bDiHj&quot;)" methodname="AlternatingCaps" classname="Open_Lab_05._05.Tests" runstate="Runnable" seed="1911126767" result="Passed" start-time="2021-12-28 19:04:45Z" end-time="2021-12-28 19:04:45Z" duration="0.000050" asserts="1" />
            <test-case id="1040" name="AlternatingCaps(&quot; taabwuz hwf&quot;,&quot; TaAbWuZ hWf&quot;)" fullname="Open_Lab_05._05.Tests.AlternatingCaps(&quot; taabwuz hwf&quot;,&quot; TaAbWuZ hWf&quot;)" methodname="AlternatingCaps" classname="Open_Lab_05._05.Tests" runstate="Runnable" seed="857121731" result="Passed" start-time="2021-12-28 19:04:45Z" end-time="2021-12-28 19:04:45Z" duration="0.000064" asserts="1" />
            <test-case id="1041" name="AlternatingCaps(&quot;jzmfjj &quot;,&quot;JzMfJj &quot;)" fullname="Open_Lab_05._05.Tests.AlternatingCaps(&quot;jzmfjj &quot;,&quot;JzMfJj &quot;)" methodname="AlternatingCaps" classname="Open_Lab_05._05.Tests" runstate="Runnable" seed="1215522867" result="Passed" start-time="2021-12-28 19:04:45Z" end-time="2021-12-28 19:04:45Z" duration="0.000057" asserts="1" />
            <test-case id="1042" name="AlternatingCaps(&quot;qdlvgxqtcakvw u ge&quot;,&quot;QdLvGxQtCaKvW u Ge&quot;)" fullname="Open_Lab_05._05.Tests.AlternatingCaps(&quot;qdlvgxqtcakvw u ge&quot;,&quot;QdLvGxQtCaKvW u Ge&quot;)" methodname="AlternatingCaps" classname="Open_Lab_05._05.Tests" runstate="Runnable" seed="1808278547" result="Passed" start-time="2021-12-28 19:04:45Z" end-time="2021-12-28 19:04:45Z" duration="0.000051" asserts="1" />
            <test-case id="1043" name="AlternatingCaps(&quot;lmkkb cg pxzyjpjpp&quot;,&quot;LmKkB cG pXzYjPjPp&quot;)" fullname="Open_Lab_05._05.Tests.AlternatingCaps(&quot;lmkkb cg pxzyjpjpp&quot;,&quot;LmKkB cG pXzYjPjPp&quot;)" methodname="AlternatingCaps" classname="Open_Lab_05._05.Tests" runstate="Runnable" seed="511758679" result="Passed" start-time="2021-12-28 19:04:45Z" end-time="2021-12-28 19:04:45Z" duration="0.000051" asserts="1" />
            <test-case id="1044" name="AlternatingCaps(&quot;vycexglj&quot;,&quot;VyCeXgLj&quot;)" fullname="Open_Lab_05._05.Tests.AlternatingCaps(&quot;vycexglj&quot;,&quot;VyCeXgLj&quot;)" methodname="AlternatingCaps" classname="Open_Lab_05._05.Tests" runstate="Runnable" seed="639183652" result="Passed" start-time="2021-12-28 19:04:45Z" end-time="2021-12-28 19:04:45Z" duration="0.000058" asserts="1" />
            <test-case id="1045" name="AlternatingCaps(&quot;jdlzemnhf&quot;,&quot;JdLzEmNhF&quot;)" fullname="Open_Lab_05._05.Tests.AlternatingCaps(&quot;jdlzemnhf&quot;,&quot;JdLzEmNhF&quot;)" methodname="AlternatingCaps" classname="Open_Lab_05._05.Tests" runstate="Runnable" seed="1140415636" result="Passed" start-time="2021-12-28 19:04:45Z" end-time="2021-12-28 19:04:45Z" duration="0.000484" asserts="1" />
            <test-case id="1046" name="AlternatingCaps(&quot;iucqqdfblkgqekai&quot;,&quot;IuCqQdFbLkGqEkAi&quot;)" fullname="Open_Lab_05._05.Tests.AlternatingCaps(&quot;iucqqdfblkgqekai&quot;,&quot;IuCqQdFbLkGqEkAi&quot;)" methodname="AlternatingCaps" classname="Open_Lab_05._05.Tests" runstate="Runnable" seed="2009697408" result="Passed" start-time="2021-12-28 19:04:45Z" end-time="2021-12-28 19:04:45Z" duration="0.000179" asserts="1" />
            <test-case id="1047" name="AlternatingCaps(&quot;ihmdqqwxvcxtkwgcwgj&quot;,&quot;IhMdQqWxVcXtKwGcWgJ&quot;)" fullname="Open_Lab_05._05.Tests.AlternatingCaps(&quot;ihmdqqwxvcxtkwgcwgj&quot;,&quot;IhMdQqWxVcXtKwGcWgJ&quot;)" methodname="AlternatingCaps" classname="Open_Lab_05._05.Tests" runstate="Runnable" seed="1157026015" result="Passed" start-time="2021-12-28 19:04:45Z" end-time="2021-12-28 19:04:45Z" duration="0.000076" asserts="1" />
            <test-case id="1048" name="AlternatingCaps(&quot;hmardzyztzaywoe &quot;,&quot;HmArDzYzTzAyWoE &quot;)" fullname="Open_Lab_05._05.Tests.AlternatingCaps(&quot;hmardzyztzaywoe &quot;,&quot;HmArDzYzTzAyWoE &quot;)" methodname="AlternatingCaps" classname="Open_Lab_05._05.Tests" runstate="Runnable" seed="957388000" result="Passed" start-time="2021-12-28 19:04:45Z" end-time="2021-12-28 19:04:45Z" duration="0.000081" asserts="1" />
            <test-case id="1049" name="AlternatingCaps(&quot;prdgsu hh o mhdq&quot;,&quot;PrDgSu Hh O mHdQ&quot;)" fullname="Open_Lab_05._05.Tests.AlternatingCaps(&quot;prdgsu hh o mhdq&quot;,&quot;PrDgSu Hh O mHdQ&quot;)" methodname="AlternatingCaps" classname="Open_Lab_05._05.Tests" runstate="Runnable" seed="990250014" result="Passed" start-time="2021-12-28 19:04:45Z" end-time="2021-12-28 19:04:45Z" duration="0.000079" asserts="1" />
            <test-case id="1050" name="AlternatingCaps(&quot;pvfvzqrwdvbzxvq&quot;,&quot;PvFvZqRwDvBzXvQ&quot;)" fullname="Open_Lab_05._05.Tests.AlternatingCaps(&quot;pvfvzqrwdvbzxvq&quot;,&quot;PvFvZqRwDvBzXvQ&quot;)" methodname="AlternatingCaps" classname="Open_Lab_05._05.Tests" runstate="Runnable" seed="1260432868" result="Passed" start-time="2021-12-28 19:04:45Z" end-time="2021-12-28 19:04:45Z" duration="0.000140" asserts="1" />
            <test-case id="1051" name="AlternatingCaps(&quot;jgofjor &quot;,&quot;JgOfJoR &quot;)" fullname="Open_Lab_05._05.Tests.AlternatingCaps(&quot;jgofjor &quot;,&quot;JgOfJoR &quot;)" methodname="AlternatingCaps" classname="Open_Lab_05._05.Tests" runstate="Runnable" seed="651042657" result="Passed" start-time="2021-12-28 19:04:45Z" end-time="2021-12-28 19:04:45Z" duration="0.000285" asserts="1" />
            <test-case id="1052" name="AlternatingCaps(&quot;wzizfrxgez&quot;,&quot;WzIzFrXgEz&quot;)" fullname="Open_Lab_05._05.Tests.AlternatingCaps(&quot;wzizfrxgez&quot;,&quot;WzIzFrXgEz&quot;)" methodname="AlternatingCaps" classname="Open_Lab_05._05.Tests" runstate="Runnable" seed="788609238" result="Passed" start-time="2021-12-28 19:04:45Z" end-time="2021-12-28 19:04:45Z" duration="0.000074" asserts="1" />
            <test-case id="1053" name="AlternatingCaps(&quot;uwq mkozyi&quot;,&quot;UwQ mKoZyI&quot;)" fullname="Open_Lab_05._05.Tests.AlternatingCaps(&quot;uwq mkozyi&quot;,&quot;UwQ mKoZyI&quot;)" methodname="AlternatingCaps" classname="Open_Lab_05._05.Tests" runstate="Runnable" seed="1705084695" result="Passed" start-time="2021-12-28 19:04:45Z" end-time="2021-12-28 19:04:45Z" duration="0.000112" asserts="1" />
            <test-case id="1054" name="AlternatingCaps(&quot;dytcaokgade&quot;,&quot;DyTcAoKgAdE&quot;)" fullname="Open_Lab_05._05.Tests.AlternatingCaps(&quot;dytcaokgade&quot;,&quot;DyTcAoKgAdE&quot;)" methodname="AlternatingCaps" classname="Open_Lab_05._05.Tests" runstate="Runnable" seed="612674266" result="Passed" start-time="2021-12-28 19:04:45Z" end-time="2021-12-28 19:04:45Z" duration="0.000066" asserts="1" />
            <test-case id="1055" name="AlternatingCaps(&quot;brhwxddsswgl&quot;,&quot;BrHwXdDsSwGl&quot;)" fullname="Open_Lab_05._05.Tests.AlternatingCaps(&quot;brhwxddsswgl&quot;,&quot;BrHwXdDsSwGl&quot;)" methodname="AlternatingCaps" classname="Open_Lab_05._05.Tests" runstate="Runnable" seed="879589600" result="Passed" start-time="2021-12-28 19:04:45Z" end-time="2021-12-28 19:04:45Z" duration="0.000056" asserts="1" />
            <test-case id="1056" name="AlternatingCaps(&quot;qnszzrb lukec&quot;,&quot;QnSzZrB lUkEc&quot;)" fullname="Open_Lab_05._05.Tests.AlternatingCaps(&quot;qnszzrb lukec&quot;,&quot;QnSzZrB lUkEc&quot;)" methodname="AlternatingCaps" classname="Open_Lab_05._05.Tests" runstate="Runnable" seed="711454150" result="Passed" start-time="2021-12-28 19:04:45Z" end-time="2021-12-28 19:04:45Z" duration="0.000062" asserts="1" />
            <test-case id="1057" name="AlternatingCaps(&quot;hvyyeojnidnqut&quot;,&quot;HvYyEoJnIdNqUt&quot;)" fullname="Open_Lab_05._05.Tests.AlternatingCaps(&quot;hvyyeojnidnqut&quot;,&quot;HvYyEoJnIdNqUt&quot;)" methodname="AlternatingCaps" classname="Open_Lab_05._05.Tests" runstate="Runnable" seed="1642826290" result="Passed" start-time="2021-12-28 19:04:45Z" end-time="2021-12-28 19:04:45Z" duration="0.000066" asserts="1" />
            <test-case id="1058" name="AlternatingCaps(&quot;shqhpkargalclqw&quot;,&quot;ShQhPkArGaLcLqW&quot;)" fullname="Open_Lab_05._05.Tests.AlternatingCaps(&quot;shqhpkargalclqw&quot;,&quot;ShQhPkArGaLcLqW&quot;)" methodname="AlternatingCaps" classname="Open_Lab_05._05.Tests" runstate="Runnable" seed="1525678652" result="Passed" start-time="2021-12-28 19:04:45Z" end-time="2021-12-28 19:04:45Z" duration="0.000063" asserts="1" />
            <test-case id="1059" name="AlternatingCaps(&quot;runwwuybwcceokixhjt&quot;,&quot;RuNwWuYbWcCeOkIxHjT&quot;)" fullname="Open_Lab_05._05.Tests.AlternatingCaps(&quot;runwwuybwcceokixhjt&quot;,&quot;RuNwWuYbWcCeOkIxHjT&quot;)" methodname="AlternatingCaps" classname="Open_Lab_05._05.Tests" runstate="Runnable" seed="269068737" result="Passed" start-time="2021-12-28 19:04:45Z" end-time="2021-12-28 19:04:45Z" duration="0.000091" asserts="1" />
            <test-case id="1060" name="AlternatingCaps(&quot;uwmegcqwtlxwl&quot;,&quot;UwMeGcQwTlXwL&quot;)" fullname="Open_Lab_05._05.Tests.AlternatingCaps(&quot;uwmegcqwtlxwl&quot;,&quot;UwMeGcQwTlXwL&quot;)" methodname="AlternatingCaps" classname="Open_Lab_05._05.Tests" runstate="Runnable" seed="1621959945" result="Passed" start-time="2021-12-28 19:04:45Z" end-time="2021-12-28 19:04:45Z" duration="0.000331" asserts="1" />
            <test-case id="1061" name="AlternatingCaps(&quot;vvgxtxink&quot;,&quot;VvGxTxInK&quot;)" fullname="Open_Lab_05._05.Tests.AlternatingCaps(&quot;vvgxtxink&quot;,&quot;VvGxTxInK&quot;)" methodname="AlternatingCaps" classname="Open_Lab_05._05.Tests" runstate="Runnable" seed="2049888764" result="Passed" start-time="2021-12-28 19:04:45Z" end-time="2021-12-28 19:04:45Z" duration="0.000128" asserts="1" />
            <test-case id="1062" name="AlternatingCaps(&quot;gwcwsoubxjbv&quot;,&quot;GwCwSoUbXjBv&quot;)" fullname="Open_Lab_05._05.Tests.AlternatingCaps(&quot;gwcwsoubxjbv&quot;,&quot;GwCwSoUbXjBv&quot;)" methodname="AlternatingCaps" classname="Open_Lab_05._05.Tests" runstate="Runnable" seed="1546601057" result="Passed" start-time="2021-12-28 19:04:45Z" end-time="2021-12-28 19:04:45Z" duration="0.000065" asserts="1" />
            <test-case id="1063" name="AlternatingCaps(&quot;iptcaikef&quot;,&quot;IpTcAiKeF&quot;)" fullname="Open_Lab_05._05.Tests.AlternatingCaps(&quot;iptcaikef&quot;,&quot;IpTcAiKeF&quot;)" methodname="AlternatingCaps" classname="Open_Lab_05._05.Tests" runstate="Runnable" seed="411326240" result="Passed" start-time="2021-12-28 19:04:45Z" end-time="2021-12-28 19:04:45Z" duration="0.000055" asserts="1" />
            <test-case id="1064" name="AlternatingCaps(&quot;homqkqvdfk xj ud&quot;,&quot;HoMqKqVdFk Xj Ud&quot;)" fullname="Open_Lab_05._05.Tests.AlternatingCaps(&quot;homqkqvdfk xj ud&quot;,&quot;HoMqKqVdFk Xj Ud&quot;)" methodname="AlternatingCaps" classname="Open_Lab_05._05.Tests" runstate="Runnable" seed="1329260494" result="Passed" start-time="2021-12-28 19:04:45Z" end-time="2021-12-28 19:04:45Z" duration="0.000062" asserts="1" />
            <test-case id="1065" name="AlternatingCaps(&quot;qvybd nx&quot;,&quot;QvYbD nX&quot;)" fullname="Open_Lab_05._05.Tests.AlternatingCaps(&quot;qvybd nx&quot;,&quot;QvYbD nX&quot;)" methodname="AlternatingCaps" classname="Open_Lab_05._05.Tests" runstate="Runnable" seed="1150598186" result="Passed" start-time="2021-12-28 19:04:45Z" end-time="2021-12-28 19:04:45Z" duration="0.000063" asserts="1" />
            <test-case id="1066" name="AlternatingCaps(&quot; tgezgacv&quot;,&quot; TgEzGaCv&quot;)" fullname="Open_Lab_05._05.Tests.AlternatingCaps(&quot; tgezgacv&quot;,&quot; TgEzGaCv&quot;)" methodname="AlternatingCaps" classname="Open_Lab_05._05.Tests" runstate="Runnable" seed="1034468444" result="Passed" start-time="2021-12-28 19:04:45Z" end-time="2021-12-28 19:04:45Z" duration="0.000060" asserts="1" />
            <test-case id="1067" name="AlternatingCaps(&quot;fyjkbfwjg&quot;,&quot;FyJkBfWjG&quot;)" fullname="Open_Lab_05._05.Tests.AlternatingCaps(&quot;fyjkbfwjg&quot;,&quot;FyJkBfWjG&quot;)" methodname="AlternatingCaps" classname="Open_Lab_05._05.Tests" runstate="Runnable" seed="2066870583" result="Passed" start-time="2021-12-28 19:04:45Z" end-time="2021-12-28 19:04:45Z" duration="0.000069" asserts="1" />
            <test-case id="1068" name="AlternatingCaps(&quot;esixduigqcn&quot;,&quot;EsIxDuIgQcN&quot;)" fullname="Open_Lab_05._05.Tests.AlternatingCaps(&quot;esixduigqcn&quot;,&quot;EsIxDuIgQcN&quot;)" methodname="AlternatingCaps" classname="Open_Lab_05._05.Tests" runstate="Runnable" seed="1964326577" result="Passed" start-time="2021-12-28 19:04:45Z" end-time="2021-12-28 19:04:45Z" duration="0.000103" asserts="1" />
            <test-case id="1069" name="AlternatingCaps(&quot;scpaw ltwfdmyffjwvhq&quot;,&quot;ScPaW lTwFdMyFfJwVhQ&quot;)" fullname="Open_Lab_05._05.Tests.AlternatingCaps(&quot;scpaw ltwfdmyffjwvhq&quot;,&quot;ScPaW lTwFdMyFfJwVhQ&quot;)" methodname="AlternatingCaps" classname="Open_Lab_05._05.Tests" runstate="Runnable" seed="571485754" result="Passed" start-time="2021-12-28 19:04:45Z" end-time="2021-12-28 19:04:45Z" duration="0.000062" asserts="1" />
            <test-case id="1070" name="AlternatingCaps(&quot;mbgkjaext&quot;,&quot;MbGkJaExT&quot;)" fullname="Open_Lab_05._05.Tests.AlternatingCaps(&quot;mbgkjaext&quot;,&quot;MbGkJaExT&quot;)" methodname="AlternatingCaps" classname="Open_Lab_05._05.Tests" runstate="Runnable" seed="1342775260" result="Passed" start-time="2021-12-28 19:04:45Z" end-time="2021-12-28 19:04:45Z" duration="0.000059" asserts="1" />
            <test-case id="1071" name="AlternatingCaps(&quot;rsgfgvajvxno&quot;,&quot;RsGfGvAjVxNo&quot;)" fullname="Open_Lab_05._05.Tests.AlternatingCaps(&quot;rsgfgvajvxno&quot;,&quot;RsGfGvAjVxNo&quot;)" methodname="AlternatingCaps" classname="Open_Lab_05._05.Tests" runstate="Runnable" seed="2014635375" result="Passed" start-time="2021-12-28 19:04:45Z" end-time="2021-12-28 19:04:45Z" duration="0.000053" asserts="1" />
            <test-case id="1072" name="AlternatingCaps(&quot;nwyxozkuvwre iqlzgwb&quot;,&quot;NwYxOzKuVwRe IqLzGwB&quot;)" fullname="Open_Lab_05._05.Tests.AlternatingCaps(&quot;nwyxozkuvwre iqlzgwb&quot;,&quot;NwYxOzKuVwRe IqLzGwB&quot;)" methodname="AlternatingCaps" classname="Open_Lab_05._05.Tests" runstate="Runnable" seed="9347588" result="Passed" start-time="2021-12-28 19:04:45Z" end-time="2021-12-28 19:04:45Z" duration="0.000066" asserts="1" />
            <test-case id="1073" name="AlternatingCaps(&quot;mtr yovllstycsol&quot;,&quot;MtR yOvLlStYcSoL&quot;)" fullname="Open_Lab_05._05.Tests.AlternatingCaps(&quot;mtr yovllstycsol&quot;,&quot;MtR yOvLlStYcSoL&quot;)" methodname="AlternatingCaps" classname="Open_Lab_05._05.Tests" runstate="Runnable" seed="2065404579" result="Passed" start-time="2021-12-28 19:04:45Z" end-time="2021-12-28 19:04:45Z" duration="0.000062" asserts="1" />
            <test-case id="1074" name="AlternatingCaps(&quot;pyirvvp&quot;,&quot;PyIrVvP&quot;)" fullname="Open_Lab_05._05.Tests.AlternatingCaps(&quot;pyirvvp&quot;,&quot;PyIrVvP&quot;)" methodname="AlternatingCaps" classname="Open_Lab_05._05.Tests" runstate="Runnable" seed="361543317" result="Passed" start-time="2021-12-28 19:04:45Z" end-time="2021-12-28 19:04:45Z" duration="0.000059" asserts="1" />
            <test-case id="1075" name="AlternatingCaps(&quot;flkxw&quot;,&quot;FlKxW&quot;)" fullname="Open_Lab_05._05.Tests.AlternatingCaps(&quot;flkxw&quot;,&quot;FlKxW&quot;)" methodname="AlternatingCaps" classname="Open_Lab_05._05.Tests" runstate="Runnable" seed="902602821" result="Passed" start-time="2021-12-28 19:04:45Z" end-time="2021-12-28 19:04:45Z" duration="0.000054" asserts="1" />
            <test-case id="1076" name="AlternatingCaps(&quot;qleabgwpjohjcyg&quot;,&quot;QlEaBgWpJoHjCyG&quot;)" fullname="Open_Lab_05._05.Tests.AlternatingCaps(&quot;qleabgwpjohjcyg&quot;,&quot;QlEaBgWpJoHjCyG&quot;)" methodname="AlternatingCaps" classname="Open_Lab_05._05.Tests" runstate="Runnable" seed="53287117" result="Passed" start-time="2021-12-28 19:04:45Z" end-time="2021-12-28 19:04:45Z" duration="0.000061" asserts="1" />
            <test-case id="1077" name="AlternatingCaps(&quot;qazuqysaqya rcknobb&quot;,&quot;QaZuQySaQyA rCkNoBb&quot;)" fullname="Open_Lab_05._05.Tests.AlternatingCaps(&quot;qazuqysaqya rcknobb&quot;,&quot;QaZuQySaQyA rCkNoBb&quot;)" methodname="AlternatingCaps" classname="Open_Lab_05._05.Tests" runstate="Runnable" seed="1283201862" result="Passed" start-time="2021-12-28 19:04:45Z" end-time="2021-12-28 19:04:45Z" duration="0.000063" asserts="1" />
            <test-case id="1078" name="AlternatingCaps(&quot;xqleh nujlrq&quot;,&quot;XqLeH nUjLrQ&quot;)" fullname="Open_Lab_05._05.Tests.AlternatingCaps(&quot;xqleh nujlrq&quot;,&quot;XqLeH nUjLrQ&quot;)" methodname="AlternatingCaps" classname="Open_Lab_05._05.Tests" runstate="Runnable" seed="1907419871" result="Passed" start-time="2021-12-28 19:04:45Z" end-time="2021-12-28 19:04:45Z" duration="0.000061" asserts="1" />
            <test-case id="1079" name="AlternatingCaps(&quot;ivixa stdjdevxgdt&quot;,&quot;IvIxA sTdJdEvXgDt&quot;)" fullname="Open_Lab_05._05.Tests.AlternatingCaps(&quot;ivixa stdjdevxgdt&quot;,&quot;IvIxA sTdJdEvXgDt&quot;)" methodname="AlternatingCaps" classname="Open_Lab_05._05.Tests" runstate="Runnable" seed="1996173941" result="Passed" start-time="2021-12-28 19:04:45Z" end-time="2021-12-28 19:04:45Z" duration="0.000055" asserts="1" />
            <test-case id="1080" name="AlternatingCaps(&quot;avu zoumqjyrefkgi&quot;,&quot;AvU zOuMqJyReFkGi&quot;)" fullname="Open_Lab_05._05.Tests.AlternatingCaps(&quot;avu zoumqjyrefkgi&quot;,&quot;AvU zOuMqJyReFkGi&quot;)" methodname="AlternatingCaps" classname="Open_Lab_05._05.Tests" runstate="Runnable" seed="2034868959" result="Passed" start-time="2021-12-28 19:04:45Z" end-time="2021-12-28 19:04:45Z" duration="0.000083" asserts="1" />
            <test-case id="1081" name="AlternatingCaps(&quot;bpmairsgh&quot;,&quot;BpMaIrSgH&quot;)" fullname="Open_Lab_05._05.Tests.AlternatingCaps(&quot;bpmairsgh&quot;,&quot;BpMaIrSgH&quot;)" methodname="AlternatingCaps" classname="Open_Lab_05._05.Tests" runstate="Runnable" seed="1723248503" result="Passed" start-time="2021-12-28 19:04:45Z" end-time="2021-12-28 19:04:45Z" duration="0.000062" asserts="1" />
            <test-case id="1082" name="AlternatingCaps(&quot;lbgppqquyhwtcoiivmex&quot;,&quot;LbGpPqQuYhWtCoIiVmEx&quot;)" fullname="Open_Lab_05._05.Tests.AlternatingCaps(&quot;lbgppqquyhwtcoiivmex&quot;,&quot;LbGpPqQuYhWtCoIiVmEx&quot;)" methodname="AlternatingCaps" classname="Open_Lab_05._05.Tests" runstate="Runnable" seed="1708743547" result="Passed" start-time="2021-12-28 19:04:45Z" end-time="2021-12-28 19:04:45Z" duration="0.000066" asserts="1" />
            <test-case id="1083" name="AlternatingCaps(&quot;onzbcgzmcgrguanch&quot;,&quot;OnZbCgZmCgRgUaNcH&quot;)" fullname="Open_Lab_05._05.Tests.AlternatingCaps(&quot;onzbcgzmcgrguanch&quot;,&quot;OnZbCgZmCgRgUaNcH&quot;)" methodname="AlternatingCaps" classname="Open_Lab_05._05.Tests" runstate="Runnable" seed="798955073" result="Passed" start-time="2021-12-28 19:04:45Z" end-time="2021-12-28 19:04:45Z" duration="0.000063" asserts="1" />
            <test-case id="1084" name="AlternatingCaps(&quot;noph k&quot;,&quot;NoPh K&quot;)" fullname="Open_Lab_05._05.Tests.AlternatingCaps(&quot;noph k&quot;,&quot;NoPh K&quot;)" methodname="AlternatingCaps" classname="Open_Lab_05._05.Tests" runstate="Runnable" seed="317721419" result="Passed" start-time="2021-12-28 19:04:45Z" end-time="2021-12-28 19:04:45Z" duration="0.000052" asserts="1" />
            <test-case id="1085" name="AlternatingCaps(&quot;myr wfakew&quot;,&quot;MyR wFaKeW&quot;)" fullname="Open_Lab_05._05.Tests.AlternatingCaps(&quot;myr wfakew&quot;,&quot;MyR wFaKeW&quot;)" methodname="AlternatingCaps" classname="Open_Lab_05._05.Tests" runstate="Runnable" seed="1968969195" result="Passed" start-time="2021-12-28 19:04:45Z" end-time="2021-12-28 19:04:45Z" duration="0.000061" asserts="1" />
            <test-case id="1086" name="AlternatingCaps(&quot;gmliqhvadmhmu&quot;,&quot;GmLiQhVaDmHmU&quot;)" fullname="Open_Lab_05._05.Tests.AlternatingCaps(&quot;gmliqhvadmhmu&quot;,&quot;GmLiQhVaDmHmU&quot;)" methodname="AlternatingCaps" classname="Open_Lab_05._05.Tests" runstate="Runnable" seed="644266759" result="Passed" start-time="2021-12-28 19:04:45Z" end-time="2021-12-28 19:04:45Z" duration="0.000061" asserts="1" />
            <test-case id="1087" name="AlternatingCaps(&quot;mkqhefmo&quot;,&quot;MkQhEfMo&quot;)" fullname="Open_Lab_05._05.Tests.AlternatingCaps(&quot;mkqhefmo&quot;,&quot;MkQhEfMo&quot;)" methodname="AlternatingCaps" classname="Open_Lab_05._05.Tests" runstate="Runnable" seed="402421592" result="Passed" start-time="2021-12-28 19:04:45Z" end-time="2021-12-28 19:04:45Z" duration="0.000061" asserts="1" />
            <test-case id="1088" name="AlternatingCaps(&quot;qhgmg qvpd wuqdyg&quot;,&quot;QhGmG qVpD wUqDyG&quot;)" fullname="Open_Lab_05._05.Tests.AlternatingCaps(&quot;qhgmg qvpd wuqdyg&quot;,&quot;QhGmG qVpD wUqDyG&quot;)" methodname="AlternatingCaps" classname="Open_Lab_05._05.Tests" runstate="Runnable" seed="939205232" result="Passed" start-time="2021-12-28 19:04:45Z" end-time="2021-12-28 19:04:45Z" duration="0.000053" asserts="1" />
            <test-case id="1089" name="AlternatingCaps(&quot;zfvelwuivkb q&quot;,&quot;ZfVeLwUiVkB q&quot;)" fullname="Open_Lab_05._05.Tests.AlternatingCaps(&quot;zfvelwuivkb q&quot;,&quot;ZfVeLwUiVkB q&quot;)" methodname="AlternatingCaps" classname="Open_Lab_05._05.Tests" runstate="Runnable" seed="1462960246" result="Passed" start-time="2021-12-28 19:04:45Z" end-time="2021-12-28 19:04:45Z" duration="0.000063" asserts="1" />
            <test-case id="1090" name="AlternatingCaps(&quot;rtu i&quot;,&quot;RtU i&quot;)" fullname="Open_Lab_05._05.Tests.AlternatingCaps(&quot;rtu i&quot;,&quot;RtU i&quot;)" methodname="AlternatingCaps" classname="Open_Lab_05._05.Tests" runstate="Runnable" seed="348176511" result="Passed" start-time="2021-12-28 19:04:45Z" end-time="2021-12-28 19:04:45Z" duration="0.000060" asserts="1" />
            <test-case id="1091" name="AlternatingCaps(&quot;o nqriuistljxtnixk&quot;,&quot;O nQrIuIsTlJxTnIxK&quot;)" fullname="Open_Lab_05._05.Tests.AlternatingCaps(&quot;o nqriuistljxtnixk&quot;,&quot;O nQrIuIsTlJxTnIxK&quot;)" methodname="AlternatingCaps" classname="Open_Lab_05._05.Tests" runstate="Runnable" seed="1836920594" result="Passed" start-time="2021-12-28 19:04:45Z" end-time="2021-12-28 19:04:45Z" duration="0.000062" asserts="1" />
            <test-case id="1092" name="AlternatingCaps(&quot;jrxeftpnzdavdolyzse&quot;,&quot;JrXeFtPnZdAvDoLyZsE&quot;)" fullname="Open_Lab_05._05.Tests.AlternatingCaps(&quot;jrxeftpnzdavdolyzse&quot;,&quot;JrXeFtPnZdAvDoLyZsE&quot;)" methodname="AlternatingCaps" classname="Open_Lab_05._05.Tests" runstate="Runnable" seed="1128294320" result="Passed" start-time="2021-12-28 19:04:45Z" end-time="2021-12-28 19:04:45Z" duration="0.000054" asserts="1" />
            <test-case id="1093" name="AlternatingCaps(&quot;bblpayrbwmivi&quot;,&quot;BbLpAyRbWmIvI&quot;)" fullname="Open_Lab_05._05.Tests.AlternatingCaps(&quot;bblpayrbwmivi&quot;,&quot;BbLpAyRbWmIvI&quot;)" methodname="AlternatingCaps" classname="Open_Lab_05._05.Tests" runstate="Runnable" seed="2072136594" result="Passed" start-time="2021-12-28 19:04:45Z" end-time="2021-12-28 19:04:45Z" duration="0.000077" asserts="1" />
            <test-case id="1094" name="AlternatingCaps(&quot;ydquhwb&quot;,&quot;YdQuHwB&quot;)" fullname="Open_Lab_05._05.Tests.AlternatingCaps(&quot;ydquhwb&quot;,&quot;YdQuHwB&quot;)" methodname="AlternatingCaps" classname="Open_Lab_05._05.Tests" runstate="Runnable" seed="289166822" result="Passed" start-time="2021-12-28 19:04:45Z" end-time="2021-12-28 19:04:45Z" duration="0.000117" asserts="1" />
            <test-case id="1095" name="AlternatingCaps(&quot;udryhulunqsyuhfgc&quot;,&quot;UdRyHuLuNqSyUhFgC&quot;)" fullname="Open_Lab_05._05.Tests.AlternatingCaps(&quot;udryhulunqsyuhfgc&quot;,&quot;UdRyHuLuNqSyUhFgC&quot;)" methodname="AlternatingCaps" classname="Open_Lab_05._05.Tests" runstate="Runnable" seed="954716614" result="Passed" start-time="2021-12-28 19:04:45Z" end-time="2021-12-28 19:04:45Z" duration="0.000085" asserts="1" />
            <test-case id="1096" name="AlternatingCaps(&quot;bmqmuelzq&quot;,&quot;BmQmUeLzQ&quot;)" fullname="Open_Lab_05._05.Tests.AlternatingCaps(&quot;bmqmuelzq&quot;,&quot;BmQmUeLzQ&quot;)" methodname="AlternatingCaps" classname="Open_Lab_05._05.Tests" runstate="Runnable" seed="1816405457" result="Passed" start-time="2021-12-28 19:04:45Z" end-time="2021-12-28 19:04:45Z" duration="0.000060" asserts="1" />
            <test-case id="1097" name="AlternatingCaps(&quot;hdjhkgggy&quot;,&quot;HdJhKgGgY&quot;)" fullname="Open_Lab_05._05.Tests.AlternatingCaps(&quot;hdjhkgggy&quot;,&quot;HdJhKgGgY&quot;)" methodname="AlternatingCaps" classname="Open_Lab_05._05.Tests" runstate="Runnable" seed="1396952307" result="Passed" start-time="2021-12-28 19:04:45Z" end-time="2021-12-28 19:04:45Z" duration="0.000232" asserts="1" />
            <test-case id="1098" name="AlternatingCaps(&quot;pwpbys&quot;,&quot;PwPbYs&quot;)" fullname="Open_Lab_05._05.Tests.AlternatingCaps(&quot;pwpbys&quot;,&quot;PwPbYs&quot;)" methodname="AlternatingCaps" classname="Open_Lab_05._05.Tests" runstate="Runnable" seed="1329981832" result="Passed" start-time="2021-12-28 19:04:45Z" end-time="2021-12-28 19:04:45Z" duration="0.000098" asserts="1" />
            <test-case id="1099" name="AlternatingCaps(&quot;kjqyir&quot;,&quot;KjQyIr&quot;)" fullname="Open_Lab_05._05.Tests.AlternatingCaps(&quot;kjqyir&quot;,&quot;KjQyIr&quot;)" methodname="AlternatingCaps" classname="Open_Lab_05._05.Tests" runstate="Runnable" seed="1636069113" result="Passed" start-time="2021-12-28 19:04:45Z" end-time="2021-12-28 19:04:45Z" duration="0.000078" asserts="1" />
            <test-case id="1100" name="AlternatingCaps(&quot;uodhj&quot;,&quot;UoDhJ&quot;)" fullname="Open_Lab_05._05.Tests.AlternatingCaps(&quot;uodhj&quot;,&quot;UoDhJ&quot;)" methodname="AlternatingCaps" classname="Open_Lab_05._05.Tests" runstate="Runnable" seed="105947192" result="Passed" start-time="2021-12-28 19:04:45Z" end-time="2021-12-28 19:04:45Z" duration="0.000105" asserts="1" />
          </test-suite>
        </test-suite>
      </test-suite>
    </test-suite>
  </test-suite>
</test-run>